// 同步 ID: d8aaeaf5 @ Wed Jul  8 16:14:18 UTC 2026
// 同步 ID: fe079fa4 @ Thu Jul  9 08:34:09 UTC 2026
// 重构日志: 8139033b
// 重构日志: a6ea7e75
// 重构日志: a393b7ab
// 重构日志: d98c2592
// 重构日志: 5095b753
// 重构日志: e94a5842
// 同步 ID: 915aae31 @ Sat Jul 11 04:43:58 UTC 2026
// 重构日志: fb9015dc
// 同步 ID: 758f6013 @ Sat Jul 11 18:15:57 UTC 2026
// 重构日志: 4bd6922f
// 同步 ID: 85093c3b @ Tue Jul 14 07:01:50 UTC 2026
// 同步 ID: 850f9242 @ Tue Jul 14 09:27:02 UTC 2026
// 重构日志: 3c3d56b3
// 同步 ID: e1de4631 @ Wed Jul 15 00:11:04 UTC 2026
// 同步 ID: 3a7e7797 @ Wed Jul 15 09:39:35 UTC 2026
// 重构日志: ae93215e
// 同步 ID: de5239bd @ Thu Jul 16 08:14:23 UTC 2026
// 重构日志: 25fd6d32
// 重构日志: dc165ef1
// 同步 ID: 89acaea4 @ Fri Jul 17 07:31:46 UTC 2026
// 重构日志: e246bc83
// 同步 ID: e2efa255 @ Fri Jul 17 12:16:32 UTC 2026
// 重构日志: 6fa7cbcb
// 重构日志: c53fa810
// 同步 ID: e4a0fbe2 @ Sun Jul 19 00:49:10 UTC 2026
// 重构日志: f482fa5b
// 同步 ID: e5f4783e @ Sun Jul 19 09:42:10 UTC 2026
// 同步 ID: c0b5c6ab @ Sun Jul 19 11:11:01 UTC 2026
// 重构日志: 34b40c4f
// 重构日志: 09b06125
